<?xml version="1.0" encoding="UTF-8"?>
<!-- Generated by org.testng.reporters.JUnitXMLReporter -->
<testsuite ignored="0" hostname="Mainaks-MacBook-Air.local" failures="1" tests="2" name="Test" time="32.279" errors="0" timestamp="2022-05-21T18:33:18 IST">
  <testcase classname="Listeners.TestCases" name="demo" time="17.548"/>
  <testcase classname="Listeners.TestCases" name="demo1" time="7.496">
    <failure type="java.lang.AssertionError" message="expected [Hello] but found [Hell]">
      <![CDATA[java.lang.AssertionError: expected [Hello] but found [Hell]
at Listeners.TestCases.demo1(TestCases.java:49)
at java.base/java.util.ArrayList.forEach(ArrayList.java:1511)
... Removed 33 stack frames]]>
    </failure>
  </testcase> <!-- demo1 -->
</testsuite> <!-- Test -->
