<?xml version="1.0" encoding="UTF-8"?>
<!-- Generated by org.testng.reporters.JUnitXMLReporter -->
<testsuite ignored="9" hostname="Mainaks-MacBook-Air.local" failures="0" tests="2" name="Regression Test" time="0.085" errors="0" timestamp="2022-05-14T17:03:40 IST">
  <testcase classname="TestNG.TestNGKrishna" name="include2" time="0.033"/>
  <testcase classname="TestNG.TestNGKrishna" name="loginfromxml" time="0.002"/>
  <testcase classname="TestNG.TestNGKrishna" name="z_test1" time="0.0">
    <ignored/>
  </testcase> <!-- z_test1 -->
  <testcase classname="TestNG.TestNGKrishna" name="logindP" time="0.0">
    <ignored/>
  </testcase> <!-- logindP -->
  <testcase classname="TestNG.TestNGKrishna" name="BPV2_1000_001" time="0.0">
    <ignored/>
  </testcase> <!-- BPV2_1000_001 -->
  <testcase classname="TestNG.TestNGKrishna" name="p0" time="0.0">
    <ignored/>
  </testcase> <!-- p0 -->
  <testcase classname="TestNG.TestNGKrishna" name="p2" time="0.0">
    <ignored/>
  </testcase> <!-- p2 -->
  <testcase classname="TestNG.TestNGKrishna" name="a_test2" time="0.0">
    <ignored/>
  </testcase> <!-- a_test2 -->
  <testcase classname="TestNG.TestNGKrishna" name="include3" time="0.0">
    <ignored/>
  </testcase> <!-- include3 -->
  <testcase classname="TestNG.TestNGKrishna" name="p1" time="0.0">
    <ignored/>
  </testcase> <!-- p1 -->
  <testcase classname="TestNG.TestNGKrishna" name="include1" time="0.0">
    <ignored/>
  </testcase> <!-- include1 -->
</testsuite> <!-- Regression Test -->
